<?xml version="1.0" encoding="UTF-8"?>
<!-- Generated by org.testng.reporters.JUnitReportReporter -->
<testsuite hostname="payal" name="com.crm.qa.testcases.LoginPageTest" tests="2" failures="0" timestamp="1 Jun 2020 15:46:39 GMT" time="90.795" errors="0">
  <testcase name="loginTest" time="70.177" classname="com.crm.qa.testcases.LoginPageTest"/>
  <testcase name="crmImageTest" time="20.618" classname="com.crm.qa.testcases.LoginPageTest"/>
</testsuite> <!-- com.crm.qa.testcases.LoginPageTest -->
