<?xml version="1.0" encoding="UTF-8"?>
<!-- Generated by org.testng.reporters.JUnitReportReporter -->
<testsuite hostname="payal" name="com.crm.qa.testcases.LoginPageTest" tests="2" failures="0" timestamp="29 May 2020 15:41:33 GMT" time="89.681" errors="0">
  <testcase name="loginTest" time="65.287" classname="com.crm.qa.testcases.LoginPageTest"/>
  <testcase name="crmImageTest" time="24.394" classname="com.crm.qa.testcases.LoginPageTest"/>
</testsuite> <!-- com.crm.qa.testcases.LoginPageTest -->
